# JRE version: OpenJDK Runtime Environment (8.0_112-b06) (build 1.8.0_112-release-b06)
# Java VM: OpenJDK 64-Bit Server VM (25.112-b06 mixed mode windows-amd64 compressed oops)
Heap:
 PSYoungGen      total 445440K, used 53240K [0x00000000e0000000, 0x00000000fff80000, 0x0000000100000000)
  eden space 373248K, 14% used [0x00000000e0000000,0x00000000e33fe128,0x00000000f6c80000)
  from space 72192K, 0% used [0x00000000f6c80000,0x00000000f6c80000,0x00000000fb300000)
  to   space 70656K, 0% used [0x00000000fba80000,0x00000000fba80000,0x00000000fff80000)
 ParOldGen       total 1048576K, used 1048345K [0x00000000a0000000, 0x00000000e0000000, 0x00000000e0000000)
  object space 1048576K, 99% used [0x00000000a0000000,0x00000000dffc6490,0x00000000e0000000)
 Metaspace       used 74080K, capacity 77091K, committed 77912K, reserved 1116160K
  class space    used 9536K, capacity 10312K, committed 10368K, reserved 1048576K
GC Heap History (10 events):
Event: 157.045 GC heap before
{Heap before GC invocations=104 (full 71):
 PSYoungGen      total 445440K, used 373248K [0x00000000e0000000, 0x00000000fff80000, 0x0000000100000000)
  eden space 373248K, 100% used [0x00000000e0000000,0x00000000f6c80000,0x00000000f6c80000)
  from space 72192K, 0% used [0x00000000f6c80000,0x00000000f6c80000,0x00000000fb300000)
  to   space 70656K, 0% used [0x00000000fba80000,0x00000000fba80000,0x00000000fff80000)
 ParOldGen       total 771072K, used 770932K [0x00000000a0000000, 0x00000000cf100000, 0x00000000e0000000)
  object space 771072K, 99% used [0x00000000a0000000,0x00000000cf0dd2b8,0x00000000cf100000)
 Metaspace       used 73663K, capacity 76675K, committed 77912K, reserved 1116160K
  class space    used 9519K, capacity 10280K, committed 10368K, reserved 1048576K
Event: 158.085 GC heap after
Heap after GC invocations=104 (full 71):
 PSYoungGen      total 445440K, used 373172K [0x00000000e0000000, 0x00000000fff80000, 0x0000000100000000)
  eden space 373248K, 99% used [0x00000000e0000000,0x00000000f6c6d048,0x00000000f6c80000)
  from space 72192K, 0% used [0x00000000f6c80000,0x00000000f6c80000,0x00000000fb300000)
  to   space 70656K, 0% used [0x00000000fba80000,0x00000000fba80000,0x00000000fff80000)
 ParOldGen       total 771072K, used 770932K [0x00000000a0000000, 0x00000000cf100000, 0x00000000e0000000)
  object space 771072K, 99% used [0x00000000a0000000,0x00000000cf0dd2b8,0x00000000cf100000)
 Metaspace       used 73663K, capacity 76675K, committed 77912K, reserved 1116160K
  class space    used 9519K, capacity 10280K, committed 10368K, reserved 1048576K
}
Event: 158.085 GC heap before
{Heap before GC invocations=105 (full 72):
 PSYoungGen      total 445440K, used 373248K [0x00000000e0000000, 0x00000000fff80000, 0x0000000100000000)
  eden space 373248K, 100% used [0x00000000e0000000,0x00000000f6c80000,0x00000000f6c80000)
  from space 72192K, 0% used [0x00000000f6c80000,0x00000000f6c80000,0x00000000fb300000)
  to   space 70656K, 0% used [0x00000000fba80000,0x00000000fba80000,0x00000000fff80000)
 ParOldGen       total 771072K, used 770932K [0x00000000a0000000, 0x00000000cf100000, 0x00000000e0000000)
  object space 771072K, 99% used [0x00000000a0000000,0x00000000cf0dd2b8,0x00000000cf100000)
 Metaspace       used 73663K, capacity 76675K, committed 77912K, reserved 1116160K
  class space    used 9519K, capacity 10280K, committed 10368K, reserved 1048576K
Event: 159.103 GC heap after
Heap after GC invocations=105 (full 72):
 PSYoungGen      total 445440K, used 373184K [0x00000000e0000000, 0x00000000fff80000, 0x0000000100000000)
  eden space 373248K, 99% used [0x00000000e0000000,0x00000000f6c70348,0x00000000f6c80000)
  from space 72192K, 0% used [0x00000000f6c80000,0x00000000f6c80000,0x00000000fb300000)
  to   space 70656K, 0% used [0x00000000fba80000,0x00000000fba80000,0x00000000fff80000)
 ParOldGen       total 1048576K, used 770932K [0x00000000a0000000, 0x00000000e0000000, 0x00000000e0000000)
  object space 1048576K, 73% used [0x00000000a0000000,0x00000000cf0dd2b8,0x00000000e0000000)
 Metaspace       used 73663K, capacity 76675K, committed 77912K, reserved 1116160K
  class space    used 9519K, capacity 10280K, committed 10368K, reserved 1048576K
}
Event: 159.103 GC heap before
{Heap before GC invocations=106 (full 72):
 PSYoungGen      total 445440K, used 373248K [0x00000000e0000000, 0x00000000fff80000, 0x0000000100000000)
  eden space 373248K, 100% used [0x00000000e0000000,0x00000000f6c80000,0x00000000f6c80000)
  from space 72192K, 0% used [0x00000000f6c80000,0x00000000f6c80000,0x00000000fb300000)
  to   space 70656K, 0% used [0x00000000fba80000,0x00000000fba80000,0x00000000fff80000)
 ParOldGen       total 1048576K, used 770932K [0x00000000a0000000, 0x00000000e0000000, 0x00000000e0000000)
  object space 1048576K, 73% used [0x00000000a0000000,0x00000000cf0dd2b8,0x00000000e0000000)
 Metaspace       used 73663K, capacity 76675K, committed 77912K, reserved 1116160K
  class space    used 9519K, capacity 10280K, committed 10368K, reserved 1048576K
Event: 159.699 GC heap after
Heap after GC invocations=106 (full 72):
 PSYoungGen      total 445440K, used 373248K [0x00000000e0000000, 0x00000000fff80000, 0x0000000100000000)
  eden space 373248K, 100% used [0x00000000e0000000,0x00000000f6c80000,0x00000000f6c80000)
  from space 72192K, 0% used [0x00000000f6c80000,0x00000000f6c80000,0x00000000fb300000)
  to   space 70656K, 99% used [0x00000000fba80000,0x00000000fff79a60,0x00000000fff80000)
 ParOldGen       total 1048576K, used 1048568K [0x00000000a0000000, 0x00000000e0000000, 0x00000000e0000000)
  object space 1048576K, 99% used [0x00000000a0000000,0x00000000dfffe160,0x00000000e0000000)
 Metaspace       used 73663K, capacity 76675K, committed 77912K, reserved 1116160K
  class space    used 9519K, capacity 10280K, committed 10368K, reserved 1048576K
}
Event: 159.699 GC heap before
{Heap before GC invocations=107 (full 73):
 PSYoungGen      total 445440K, used 373248K [0x00000000e0000000, 0x00000000fff80000, 0x0000000100000000)
  eden space 373248K, 100% used [0x00000000e0000000,0x00000000f6c80000,0x00000000f6c80000)
  from space 72192K, 0% used [0x00000000f6c80000,0x00000000f6c80000,0x00000000fb300000)
  to   space 70656K, 99% used [0x00000000fba80000,0x00000000fff79a60,0x00000000fff80000)
 ParOldGen       total 1048576K, used 1048568K [0x00000000a0000000, 0x00000000e0000000, 0x00000000e0000000)
  object space 1048576K, 99% used [0x00000000a0000000,0x00000000dfffe160,0x00000000e0000000)
 Metaspace       used 73663K, capacity 76675K, committed 77912K, reserved 1116160K
  class space    used 9519K, capacity 10280K, committed 10368K, reserved 1048576K
Event: 161.733 GC heap after
Heap after GC invocations=107 (full 73):
 PSYoungGen      total 445440K, used 95868K [0x00000000e0000000, 0x00000000fff80000, 0x0000000100000000)
  eden space 373248K, 25% used [0x00000000e0000000,0x00000000e5d9f318,0x00000000f6c80000)
  from space 72192K, 0% used [0x00000000f6c80000,0x00000000f6c80000,0x00000000fb300000)
  to   space 70656K, 0% used [0x00000000fba80000,0x00000000fba80000,0x00000000fff80000)
 ParOldGen       total 1048576K, used 1048261K [0x00000000a0000000, 0x00000000e0000000, 0x00000000e0000000)
  object space 1048576K, 99% used [0x00000000a0000000,0x00000000dffb1420,0x00000000e0000000)
 Metaspace       used 73663K, capacity 76675K, committed 77912K, reserved 1116160K
  class space    used 9519K, capacity 10280K, committed 10368K, reserved 1048576K
}
Event: 162.505 GC heap before
{Heap before GC invocations=108 (full 74):
 PSYoungGen      total 445440K, used 373248K [0x00000000e0000000, 0x00000000fff80000, 0x0000000100000000)
  eden space 373248K, 100% used [0x00000000e0000000,0x00000000f6c80000,0x00000000f6c80000)
  from space 72192K, 0% used [0x00000000f6c80000,0x00000000f6c80000,0x00000000fb300000)
  to   space 70656K, 0% used [0x00000000fba80000,0x00000000fba80000,0x00000000fff80000)
 ParOldGen       total 1048576K, used 1048261K [0x00000000a0000000, 0x00000000e0000000, 0x00000000e0000000)
  object space 1048576K, 99% used [0x00000000a0000000,0x00000000dffb1420,0x00000000e0000000)
 Metaspace       used 74074K, capacity 77091K, committed 77912K, reserved 1116160K
  class space    used 9535K, capacity 10312K, committed 10368K, reserved 1048576K
Event: 166.147 GC heap after
Heap after GC invocations=108 (full 74):
 PSYoungGen      total 445440K, used 15247K [0x00000000e0000000, 0x00000000fff80000, 0x0000000100000000)
  eden space 373248K, 4% used [0x00000000e0000000,0x00000000e0ee3d58,0x00000000f6c80000)
  from space 72192K, 0% used [0x00000000f6c80000,0x00000000f6c80000,0x00000000fb300000)
  to   space 70656K, 0% used [0x00000000fba80000,0x00000000fba80000,0x00000000fff80000)
 ParOldGen       total 1048576K, used 1048345K [0x00000000a0000000, 0x00000000e0000000, 0x00000000e0000000)
  object space 1048576K, 99% used [0x00000000a0000000,0x00000000dffc6490,0x00000000e0000000)
 Metaspace       used 74074K, capacity 77091K, committed 77912K, reserved 1116160K
  class space    used 9535K, capacity 10312K, committed 10368K, reserved 1048576K
}

