# JRE version: OpenJDK Runtime Environment (8.0_76-b03) (build 1.8.0_76-release-b03)
# Java VM: OpenJDK 64-Bit Server VM (25.76-b03 mixed mode windows-amd64 compressed oops)
Heap:
 PSYoungGen      total 410112K, used 17872K [0x00000000e0000000, 0x00000000faf80000, 0x0000000100000000)
  eden space 388608K, 4% used [0x00000000e0000000,0x00000000e1174138,0x00000000f7b80000)
  from space 21504K, 0% used [0x00000000f9a80000,0x00000000f9a80000,0x00000000faf80000)
  to   space 25088K, 0% used [0x00000000f7e80000,0x00000000f7e80000,0x00000000f9700000)
 ParOldGen       total 141312K, used 35121K [0x00000000a0000000, 0x00000000a8a00000, 0x00000000e0000000)
  object space 141312K, 24% used [0x00000000a0000000,0x00000000a224c708,0x00000000a8a00000)
 Metaspace       used 66884K, capacity 68832K, committed 68992K, reserved 1110016K
  class space    used 8366K, capacity 8745K, committed 8832K, reserved 1048576K
GC Heap History (10 events):
Event: 600.257 GC heap before
{Heap before GC invocations=15 (full 4):
 PSYoungGen      total 335360K, used 312832K [0x00000000e0000000, 0x00000000f6400000, 0x0000000100000000)
  eden space 312832K, 100% used [0x00000000e0000000,0x00000000f3180000,0x00000000f3180000)
  from space 22528K, 0% used [0x00000000f4780000,0x00000000f4780000,0x00000000f5d80000)
  to   space 22528K, 0% used [0x00000000f3180000,0x00000000f3180000,0x00000000f4780000)
 ParOldGen       total 141312K, used 36020K [0x00000000a0000000, 0x00000000a8a00000, 0x00000000e0000000)
  object space 141312K, 25% used [0x00000000a0000000,0x00000000a232d050,0x00000000a8a00000)
 Metaspace       used 63677K, capacity 65558K, committed 65664K, reserved 1105920K
  class space    used 8109K, capacity 8484K, committed 8576K, reserved 1048576K
Event: 600.275 GC heap after
Heap after GC invocations=15 (full 4):
 PSYoungGen      total 335360K, used 8816K [0x00000000e0000000, 0x00000000faf80000, 0x0000000100000000)
  eden space 312832K, 0% used [0x00000000e0000000,0x00000000e0000000,0x00000000f3180000)
  from space 22528K, 39% used [0x00000000f3180000,0x00000000f3a1c010,0x00000000f4780000)
  to   space 21504K, 0% used [0x00000000f9a80000,0x00000000f9a80000,0x00000000faf80000)
 ParOldGen       total 141312K, used 36028K [0x00000000a0000000, 0x00000000a8a00000, 0x00000000e0000000)
  object space 141312K, 25% used [0x00000000a0000000,0x00000000a232f050,0x00000000a8a00000)
 Metaspace       used 63677K, capacity 65558K, committed 65664K, reserved 1105920K
  class space    used 8109K, capacity 8484K, committed 8576K, reserved 1048576K
}
Event: 618.129 GC heap before
{Heap before GC invocations=16 (full 4):
 PSYoungGen      total 335360K, used 321648K [0x00000000e0000000, 0x00000000faf80000, 0x0000000100000000)
  eden space 312832K, 100% used [0x00000000e0000000,0x00000000f3180000,0x00000000f3180000)
  from space 22528K, 39% used [0x00000000f3180000,0x00000000f3a1c010,0x00000000f4780000)
  to   space 21504K, 0% used [0x00000000f9a80000,0x00000000f9a80000,0x00000000faf80000)
 ParOldGen       total 141312K, used 36028K [0x00000000a0000000, 0x00000000a8a00000, 0x00000000e0000000)
  object space 141312K, 25% used [0x00000000a0000000,0x00000000a232f050,0x00000000a8a00000)
 Metaspace       used 65026K, capacity 66972K, committed 67200K, reserved 1107968K
  class space    used 8165K, capacity 8537K, committed 8576K, reserved 1048576K
Event: 618.196 GC heap after
Heap after GC invocations=16 (full 4):
 PSYoungGen      total 410112K, used 21480K [0x00000000e0000000, 0x00000000faf80000, 0x0000000100000000)
  eden space 388608K, 0% used [0x00000000e0000000,0x00000000e0000000,0x00000000f7b80000)
  from space 21504K, 99% used [0x00000000f9a80000,0x00000000faf7a058,0x00000000faf80000)
  to   space 25088K, 0% used [0x00000000f7e80000,0x00000000f7e80000,0x00000000f9700000)
 ParOldGen       total 141312K, used 38055K [0x00000000a0000000, 0x00000000a8a00000, 0x00000000e0000000)
  object space 141312K, 26% used [0x00000000a0000000,0x00000000a2529cb8,0x00000000a8a00000)
 Metaspace       used 65026K, capacity 66972K, committed 67200K, reserved 1107968K
  class space    used 8165K, capacity 8537K, committed 8576K, reserved 1048576K
}
Event: 623.443 GC heap before
{Heap before GC invocations=17 (full 4):
 PSYoungGen      total 410112K, used 410045K [0x00000000e0000000, 0x00000000faf80000, 0x0000000100000000)
  eden space 388608K, 99% used [0x00000000e0000000,0x00000000f7b756d0,0x00000000f7b80000)
  from space 21504K, 99% used [0x00000000f9a80000,0x00000000faf7a058,0x00000000faf80000)
  to   space 25088K, 0% used [0x00000000f7e80000,0x00000000f7e80000,0x00000000f9700000)
 ParOldGen       total 141312K, used 38055K [0x00000000a0000000, 0x00000000a8a00000, 0x00000000e0000000)
  object space 141312K, 26% used [0x00000000a0000000,0x00000000a2529cb8,0x00000000a8a00000)
 Metaspace       used 66173K, capacity 68186K, committed 68352K, reserved 1110016K
  class space    used 8260K, capacity 8642K, committed 8704K, reserved 1048576K
Event: 623.475 GC heap after
Heap after GC invocations=17 (full 4):
 PSYoungGen      total 413696K, used 14712K [0x00000000e0000000, 0x00000000faf80000, 0x0000000100000000)
  eden space 388608K, 0% used [0x00000000e0000000,0x00000000e0000000,0x00000000f7b80000)
  from space 25088K, 58% used [0x00000000f7e80000,0x00000000f8cde088,0x00000000f9700000)
  to   space 21504K, 0% used [0x00000000f9a80000,0x00000000f9a80000,0x00000000faf80000)
 ParOldGen       total 141312K, used 44699K [0x00000000a0000000, 0x00000000a8a00000, 0x00000000e0000000)
  object space 141312K, 31% used [0x00000000a0000000,0x00000000a2ba6ce8,0x00000000a8a00000)
 Metaspace       used 66173K, capacity 68186K, committed 68352K, reserved 1110016K
  class space    used 8260K, capacity 8642K, committed 8704K, reserved 1048576K
}
Event: 623.977 GC heap before
{Heap before GC invocations=18 (full 4):
 PSYoungGen      total 413696K, used 75415K [0x00000000e0000000, 0x00000000faf80000, 0x0000000100000000)
  eden space 388608K, 15% used [0x00000000e0000000,0x00000000e3b47e80,0x00000000f7b80000)
  from space 25088K, 58% used [0x00000000f7e80000,0x00000000f8cde088,0x00000000f9700000)
  to   space 21504K, 0% used [0x00000000f9a80000,0x00000000f9a80000,0x00000000faf80000)
 ParOldGen       total 141312K, used 44699K [0x00000000a0000000, 0x00000000a8a00000, 0x00000000e0000000)
  object space 141312K, 31% used [0x00000000a0000000,0x00000000a2ba6ce8,0x00000000a8a00000)
 Metaspace       used 66867K, capacity 68814K, committed 68992K, reserved 1110016K
  class space    used 8364K, capacity 8742K, committed 8832K, reserved 1048576K
Event: 623.982 GC heap after
Heap after GC invocations=18 (full 4):
 PSYoungGen      total 410112K, used 1543K [0x00000000e0000000, 0x00000000faf80000, 0x0000000100000000)
  eden space 388608K, 0% used [0x00000000e0000000,0x00000000e0000000,0x00000000f7b80000)
  from space 21504K, 7% used [0x00000000f9a80000,0x00000000f9c01ce0,0x00000000faf80000)
  to   space 25088K, 0% used [0x00000000f7e80000,0x00000000f7e80000,0x00000000f9700000)
 ParOldGen       total 141312K, used 44707K [0x00000000a0000000, 0x00000000a8a00000, 0x00000000e0000000)
  object space 141312K, 31% used [0x00000000a0000000,0x00000000a2ba8ce8,0x00000000a8a00000)
 Metaspace       used 66867K, capacity 68814K, committed 68992K, reserved 1110016K
  class space    used 8364K, capacity 8742K, committed 8832K, reserved 1048576K
}
Event: 623.982 GC heap before
{Heap before GC invocations=19 (full 5):
 PSYoungGen      total 410112K, used 1543K [0x00000000e0000000, 0x00000000faf80000, 0x0000000100000000)
  eden space 388608K, 0% used [0x00000000e0000000,0x00000000e0000000,0x00000000f7b80000)
  from space 21504K, 7% used [0x00000000f9a80000,0x00000000f9c01ce0,0x00000000faf80000)
  to   space 25088K, 0% used [0x00000000f7e80000,0x00000000f7e80000,0x00000000f9700000)
 ParOldGen       total 141312K, used 44707K [0x00000000a0000000, 0x00000000a8a00000, 0x00000000e0000000)
  object space 141312K, 31% used [0x00000000a0000000,0x00000000a2ba8ce8,0x00000000a8a00000)
 Metaspace       used 66867K, capacity 68814K, committed 68992K, reserved 1110016K
  class space    used 8364K, capacity 8742K, committed 8832K, reserved 1048576K
Event: 624.538 GC heap after
Heap after GC invocations=19 (full 5):
 PSYoungGen      total 410112K, used 0K [0x00000000e0000000, 0x00000000faf80000, 0x0000000100000000)
  eden space 388608K, 0% used [0x00000000e0000000,0x00000000e0000000,0x00000000f7b80000)
  from space 21504K, 0% used [0x00000000f9a80000,0x00000000f9a80000,0x00000000faf80000)
  to   space 25088K, 0% used [0x00000000f7e80000,0x00000000f7e80000,0x00000000f9700000)
 ParOldGen       total 141312K, used 35121K [0x00000000a0000000, 0x00000000a8a00000, 0x00000000e0000000)
  object space 141312K, 24% used [0x00000000a0000000,0x00000000a224c708,0x00000000a8a00000)
 Metaspace       used 66867K, capacity 68814K, committed 68992K, reserved 1110016K
  class space    used 8364K, capacity 8742K, committed 8832K, reserved 1048576K
}

