# JRE version: OpenJDK Runtime Environment (8.0_76-b03) (build 1.8.0_76-release-b03)
# Java VM: OpenJDK 64-Bit Server VM (25.76-b03 mixed mode windows-amd64 compressed oops)
Heap:
 PSYoungGen      total 381952K, used 101191K [0x00000000e0000000, 0x00000000fa700000, 0x0000000100000000)
  eden space 332800K, 30% used [0x00000000e0000000,0x00000000e62d1ef0,0x00000000f4500000)
  from space 49152K, 0% used [0x00000000f7700000,0x00000000f7700000,0x00000000fa700000)
  to   space 50176K, 0% used [0x00000000f4500000,0x00000000f4500000,0x00000000f7600000)
 ParOldGen       total 122880K, used 35755K [0x00000000a0000000, 0x00000000a7800000, 0x00000000e0000000)
  object space 122880K, 29% used [0x00000000a0000000,0x00000000a22eaf10,0x00000000a7800000)
 Metaspace       used 70716K, capacity 74140K, committed 74368K, reserved 1114112K
  class space    used 8663K, capacity 9226K, committed 9344K, reserved 1048576K
GC Heap History (10 events):
Event: 5632.816 GC heap before
{Heap before GC invocations=45 (full 11):
 PSYoungGen      total 357888K, used 49125K [0x00000000e0000000, 0x00000000fb180000, 0x0000000100000000)
  eden space 346624K, 10% used [0x00000000e0000000,0x00000000e250fd50,0x00000000f5280000)
  from space 11264K, 99% used [0x00000000f6080000,0x00000000f6b69940,0x00000000f6b80000)
  to   space 48640K, 0% used [0x00000000f8200000,0x00000000f8200000,0x00000000fb180000)
 ParOldGen       total 122880K, used 35349K [0x00000000a0000000, 0x00000000a7800000, 0x00000000e0000000)
  object space 122880K, 28% used [0x00000000a0000000,0x00000000a2285510,0x00000000a7800000)
 Metaspace       used 70535K, capacity 73964K, committed 74112K, reserved 1114112K
  class space    used 8647K, capacity 9210K, committed 9344K, reserved 1048576K
Event: 5632.821 GC heap after
Heap after GC invocations=45 (full 11):
 PSYoungGen      total 394240K, used 3849K [0x00000000e0000000, 0x00000000fb080000, 0x0000000100000000)
  eden space 346624K, 0% used [0x00000000e0000000,0x00000000e0000000,0x00000000f5280000)
  from space 47616K, 8% used [0x00000000f8200000,0x00000000f85c24f8,0x00000000fb080000)
  to   space 48128K, 0% used [0x00000000f5280000,0x00000000f5280000,0x00000000f8180000)
 ParOldGen       total 122880K, used 35357K [0x00000000a0000000, 0x00000000a7800000, 0x00000000e0000000)
  object space 122880K, 28% used [0x00000000a0000000,0x00000000a2287510,0x00000000a7800000)
 Metaspace       used 70535K, capacity 73964K, committed 74112K, reserved 1114112K
  class space    used 8647K, capacity 9210K, committed 9344K, reserved 1048576K
}
Event: 5632.821 GC heap before
{Heap before GC invocations=46 (full 12):
 PSYoungGen      total 394240K, used 3849K [0x00000000e0000000, 0x00000000fb080000, 0x0000000100000000)
  eden space 346624K, 0% used [0x00000000e0000000,0x00000000e0000000,0x00000000f5280000)
  from space 47616K, 8% used [0x00000000f8200000,0x00000000f85c24f8,0x00000000fb080000)
  to   space 48128K, 0% used [0x00000000f5280000,0x00000000f5280000,0x00000000f8180000)
 ParOldGen       total 122880K, used 35357K [0x00000000a0000000, 0x00000000a7800000, 0x00000000e0000000)
  object space 122880K, 28% used [0x00000000a0000000,0x00000000a2287510,0x00000000a7800000)
 Metaspace       used 70535K, capacity 73964K, committed 74112K, reserved 1114112K
  class space    used 8647K, capacity 9210K, committed 9344K, reserved 1048576K
Event: 5633.190 GC heap after
Heap after GC invocations=46 (full 12):
 PSYoungGen      total 394240K, used 0K [0x00000000e0000000, 0x00000000fb080000, 0x0000000100000000)
  eden space 346624K, 0% used [0x00000000e0000000,0x00000000e0000000,0x00000000f5280000)
  from space 47616K, 0% used [0x00000000f8200000,0x00000000f8200000,0x00000000fb080000)
  to   space 48128K, 0% used [0x00000000f5280000,0x00000000f5280000,0x00000000f8180000)
 ParOldGen       total 122880K, used 34547K [0x00000000a0000000, 0x00000000a7800000, 0x00000000e0000000)
  object space 122880K, 28% used [0x00000000a0000000,0x00000000a21bceb8,0x00000000a7800000)
 Metaspace       used 70420K, capacity 73780K, committed 74112K, reserved 1114112K
  class space    used 8631K, capacity 9170K, committed 9344K, reserved 1048576K
}
Event: 5842.685 GC heap before
{Heap before GC invocations=47 (full 12):
 PSYoungGen      total 394240K, used 346624K [0x00000000e0000000, 0x00000000fb080000, 0x0000000100000000)
  eden space 346624K, 100% used [0x00000000e0000000,0x00000000f5280000,0x00000000f5280000)
  from space 47616K, 0% used [0x00000000f8200000,0x00000000f8200000,0x00000000fb080000)
  to   space 48128K, 0% used [0x00000000f5280000,0x00000000f5280000,0x00000000f8180000)
 ParOldGen       total 122880K, used 34547K [0x00000000a0000000, 0x00000000a7800000, 0x00000000e0000000)
  object space 122880K, 28% used [0x00000000a0000000,0x00000000a21bceb8,0x00000000a7800000)
 Metaspace       used 70643K, capacity 74052K, committed 74368K, reserved 1114112K
  class space    used 8655K, capacity 9218K, committed 9344K, reserved 1048576K
Event: 5842.773 GC heap after
Heap after GC invocations=47 (full 12):
 PSYoungGen      total 366080K, used 33219K [0x00000000e0000000, 0x00000000fa900000, 0x0000000100000000)
  eden space 332800K, 0% used [0x00000000e0000000,0x00000000e0000000,0x00000000f4500000)
  from space 33280K, 99% used [0x00000000f5280000,0x00000000f72f0d08,0x00000000f7300000)
  to   space 51200K, 0% used [0x00000000f7700000,0x00000000f7700000,0x00000000fa900000)
 ParOldGen       total 122880K, used 34547K [0x00000000a0000000, 0x00000000a7800000, 0x00000000e0000000)
  object space 122880K, 28% used [0x00000000a0000000,0x00000000a21bceb8,0x00000000a7800000)
 Metaspace       used 70643K, capacity 74052K, committed 74368K, reserved 1114112K
  class space    used 8655K, capacity 9218K, committed 9344K, reserved 1048576K
}
Event: 5845.210 GC heap before
{Heap before GC invocations=48 (full 12):
 PSYoungGen      total 366080K, used 335510K [0x00000000e0000000, 0x00000000fa900000, 0x0000000100000000)
  eden space 332800K, 90% used [0x00000000e0000000,0x00000000f2734d70,0x00000000f4500000)
  from space 33280K, 99% used [0x00000000f5280000,0x00000000f72f0d08,0x00000000f7300000)
  to   space 51200K, 0% used [0x00000000f7700000,0x00000000f7700000,0x00000000fa900000)
 ParOldGen       total 122880K, used 34547K [0x00000000a0000000, 0x00000000a7800000, 0x00000000e0000000)
  object space 122880K, 28% used [0x00000000a0000000,0x00000000a21bceb8,0x00000000a7800000)
 Metaspace       used 70654K, capacity 74052K, committed 74368K, reserved 1114112K
  class space    used 8655K, capacity 9218K, committed 9344K, reserved 1048576K
Event: 5845.218 GC heap after
Heap after GC invocations=48 (full 12):
 PSYoungGen      total 381952K, used 4651K [0x00000000e0000000, 0x00000000fa700000, 0x0000000100000000)
  eden space 332800K, 0% used [0x00000000e0000000,0x00000000e0000000,0x00000000f4500000)
  from space 49152K, 9% used [0x00000000f7700000,0x00000000f7b8ae18,0x00000000fa700000)
  to   space 50176K, 0% used [0x00000000f4500000,0x00000000f4500000,0x00000000f7600000)
 ParOldGen       total 122880K, used 34555K [0x00000000a0000000, 0x00000000a7800000, 0x00000000e0000000)
  object space 122880K, 28% used [0x00000000a0000000,0x00000000a21beeb8,0x00000000a7800000)
 Metaspace       used 70654K, capacity 74052K, committed 74368K, reserved 1114112K
  class space    used 8655K, capacity 9218K, committed 9344K, reserved 1048576K
}
Event: 5845.218 GC heap before
{Heap before GC invocations=49 (full 13):
 PSYoungGen      total 381952K, used 4651K [0x00000000e0000000, 0x00000000fa700000, 0x0000000100000000)
  eden space 332800K, 0% used [0x00000000e0000000,0x00000000e0000000,0x00000000f4500000)
  from space 49152K, 9% used [0x00000000f7700000,0x00000000f7b8ae18,0x00000000fa700000)
  to   space 50176K, 0% used [0x00000000f4500000,0x00000000f4500000,0x00000000f7600000)
 ParOldGen       total 122880K, used 34555K [0x00000000a0000000, 0x00000000a7800000, 0x00000000e0000000)
  object space 122880K, 28% used [0x00000000a0000000,0x00000000a21beeb8,0x00000000a7800000)
 Metaspace       used 70654K, capacity 74052K, committed 74368K, reserved 1114112K
  class space    used 8655K, capacity 9218K, committed 9344K, reserved 1048576K
Event: 5845.564 GC heap after
Heap after GC invocations=49 (full 13):
 PSYoungGen      total 381952K, used 0K [0x00000000e0000000, 0x00000000fa700000, 0x0000000100000000)
  eden space 332800K, 0% used [0x00000000e0000000,0x00000000e0000000,0x00000000f4500000)
  from space 49152K, 0% used [0x00000000f7700000,0x00000000f7700000,0x00000000fa700000)
  to   space 50176K, 0% used [0x00000000f4500000,0x00000000f4500000,0x00000000f7600000)
 ParOldGen       total 122880K, used 35755K [0x00000000a0000000, 0x00000000a7800000, 0x00000000e0000000)
  object space 122880K, 29% used [0x00000000a0000000,0x00000000a22eaf10,0x00000000a7800000)
 Metaspace       used 70654K, capacity 74052K, committed 74368K, reserved 1114112K
  class space    used 8655K, capacity 9218K, committed 9344K, reserved 1048576K
}

