# JRE version: OpenJDK Runtime Environment (8.0_112-b06) (build 1.8.0_112-release-b06)
# Java VM: OpenJDK 64-Bit Server VM (25.112-b06 mixed mode windows-amd64 compressed oops)
Heap:
 PSYoungGen      total 258560K, used 208258K [0x00000000e0000000, 0x00000000f7d80000, 0x0000000100000000)
  eden space 232448K, 78% used [0x00000000e0000000,0x00000000eb1e1478,0x00000000ee300000)
  from space 26112K, 99% used [0x00000000ee300000,0x00000000efc7f398,0x00000000efc80000)
  to   space 46080K, 0% used [0x00000000f5080000,0x00000000f5080000,0x00000000f7d80000)
 ParOldGen       total 271360K, used 89200K [0x00000000a0000000, 0x00000000b0900000, 0x00000000e0000000)
  object space 271360K, 32% used [0x00000000a0000000,0x00000000a571c138,0x00000000b0900000)
 Metaspace       used 62772K, capacity 64708K, committed 64896K, reserved 1105920K
  class space    used 8234K, capacity 8744K, committed 8832K, reserved 1048576K
GC Heap History (10 events):
Event: 7.167 GC heap before
{Heap before GC invocations=10 (full 2):
 PSYoungGen      total 144384K, used 144375K [0x00000000e0000000, 0x00000000ed200000, 0x0000000100000000)
  eden space 132608K, 100% used [0x00000000e0000000,0x00000000e8180000,0x00000000e8180000)
  from space 11776K, 99% used [0x00000000e8180000,0x00000000e8cfdc68,0x00000000e8d00000)
  to   space 13824K, 0% used [0x00000000ec480000,0x00000000ec480000,0x00000000ed200000)
 ParOldGen       total 180736K, used 19062K [0x00000000a0000000, 0x00000000ab080000, 0x00000000e0000000)
  object space 180736K, 10% used [0x00000000a0000000,0x00000000a129d910,0x00000000ab080000)
 Metaspace       used 47900K, capacity 49218K, committed 49408K, reserved 1091584K
  class space    used 6436K, capacity 6809K, committed 6912K, reserved 1048576K
Event: 7.183 GC heap after
Heap after GC invocations=10 (full 2):
 PSYoungGen      total 198656K, used 13793K [0x00000000e0000000, 0x00000000ed880000, 0x0000000100000000)
  eden space 184832K, 0% used [0x00000000e0000000,0x00000000e0000000,0x00000000eb480000)
  from space 13824K, 99% used [0x00000000ec480000,0x00000000ed1f84a8,0x00000000ed200000)
  to   space 16384K, 0% used [0x00000000eb480000,0x00000000eb480000,0x00000000ec480000)
 ParOldGen       total 180736K, used 22320K [0x00000000a0000000, 0x00000000ab080000, 0x00000000e0000000)
  object space 180736K, 12% used [0x00000000a0000000,0x00000000a15cc298,0x00000000ab080000)
 Metaspace       used 47900K, capacity 49218K, committed 49408K, reserved 1091584K
  class space    used 6436K, capacity 6809K, committed 6912K, reserved 1048576K
}
Event: 12.973 GC heap before
{Heap before GC invocations=11 (full 2):
 PSYoungGen      total 198656K, used 198625K [0x00000000e0000000, 0x00000000ed880000, 0x0000000100000000)
  eden space 184832K, 100% used [0x00000000e0000000,0x00000000eb480000,0x00000000eb480000)
  from space 13824K, 99% used [0x00000000ec480000,0x00000000ed1f84a8,0x00000000ed200000)
  to   space 16384K, 0% used [0x00000000eb480000,0x00000000eb480000,0x00000000ec480000)
 ParOldGen       total 180736K, used 22320K [0x00000000a0000000, 0x00000000ab080000, 0x00000000e0000000)
  object space 180736K, 12% used [0x00000000a0000000,0x00000000a15cc298,0x00000000ab080000)
 Metaspace       used 55084K, capacity 56996K, committed 57216K, reserved 1097728K
  class space    used 7481K, capacity 7988K, committed 8064K, reserved 1048576K
Event: 13.126 GC heap after
Heap after GC invocations=11 (full 2):
 PSYoungGen      total 201216K, used 16372K [0x00000000e0000000, 0x00000000f1800000, 0x0000000100000000)
  eden space 184832K, 0% used [0x00000000e0000000,0x00000000e0000000,0x00000000eb480000)
  from space 16384K, 99% used [0x00000000eb480000,0x00000000ec47d388,0x00000000ec480000)
  to   space 24576K, 0% used [0x00000000f0000000,0x00000000f0000000,0x00000000f1800000)
 ParOldGen       total 180736K, used 37603K [0x00000000a0000000, 0x00000000ab080000, 0x00000000e0000000)
  object space 180736K, 20% used [0x00000000a0000000,0x00000000a24b8d30,0x00000000ab080000)
 Metaspace       used 55084K, capacity 56996K, committed 57216K, reserved 1097728K
  class space    used 7481K, capacity 7988K, committed 8064K, reserved 1048576K
}
Event: 17.382 GC heap before
{Heap before GC invocations=12 (full 2):
 PSYoungGen      total 201216K, used 65161K [0x00000000e0000000, 0x00000000f1800000, 0x0000000100000000)
  eden space 184832K, 26% used [0x00000000e0000000,0x00000000e2fa5460,0x00000000eb480000)
  from space 16384K, 99% used [0x00000000eb480000,0x00000000ec47d388,0x00000000ec480000)
  to   space 24576K, 0% used [0x00000000f0000000,0x00000000f0000000,0x00000000f1800000)
 ParOldGen       total 180736K, used 37603K [0x00000000a0000000, 0x00000000ab080000, 0x00000000e0000000)
  object space 180736K, 20% used [0x00000000a0000000,0x00000000a24b8d30,0x00000000ab080000)
 Metaspace       used 57026K, capacity 58910K, committed 59008K, reserved 1099776K
  class space    used 7754K, capacity 8257K, committed 8320K, reserved 1048576K
Event: 17.403 GC heap after
Heap after GC invocations=12 (full 2):
 PSYoungGen      total 254976K, used 20863K [0x00000000e0000000, 0x00000000f1600000, 0x0000000100000000)
  eden space 232448K, 0% used [0x00000000e0000000,0x00000000e0000000,0x00000000ee300000)
  from space 22528K, 92% used [0x00000000f0000000,0x00000000f145fdc0,0x00000000f1600000)
  to   space 26112K, 0% used [0x00000000ee300000,0x00000000ee300000,0x00000000efc80000)
 ParOldGen       total 180736K, used 37611K [0x00000000a0000000, 0x00000000ab080000, 0x00000000e0000000)
  object space 180736K, 20% used [0x00000000a0000000,0x00000000a24bad30,0x00000000ab080000)
 Metaspace       used 57026K, capacity 58910K, committed 59008K, reserved 1099776K
  class space    used 7754K, capacity 8257K, committed 8320K, reserved 1048576K
}
Event: 17.404 GC heap before
{Heap before GC invocations=13 (full 3):
 PSYoungGen      total 254976K, used 20863K [0x00000000e0000000, 0x00000000f1600000, 0x0000000100000000)
  eden space 232448K, 0% used [0x00000000e0000000,0x00000000e0000000,0x00000000ee300000)
  from space 22528K, 92% used [0x00000000f0000000,0x00000000f145fdc0,0x00000000f1600000)
  to   space 26112K, 0% used [0x00000000ee300000,0x00000000ee300000,0x00000000efc80000)
 ParOldGen       total 180736K, used 37611K [0x00000000a0000000, 0x00000000ab080000, 0x00000000e0000000)
  object space 180736K, 20% used [0x00000000a0000000,0x00000000a24bad30,0x00000000ab080000)
 Metaspace       used 57026K, capacity 58910K, committed 59008K, reserved 1099776K
  class space    used 7754K, capacity 8257K, committed 8320K, reserved 1048576K
Event: 17.603 GC heap after
Heap after GC invocations=13 (full 3):
 PSYoungGen      total 254976K, used 0K [0x00000000e0000000, 0x00000000f1600000, 0x0000000100000000)
  eden space 232448K, 0% used [0x00000000e0000000,0x00000000e0000000,0x00000000ee300000)
  from space 22528K, 0% used [0x00000000f0000000,0x00000000f0000000,0x00000000f1600000)
  to   space 26112K, 0% used [0x00000000ee300000,0x00000000ee300000,0x00000000efc80000)
 ParOldGen       total 271360K, used 45184K [0x00000000a0000000, 0x00000000b0900000, 0x00000000e0000000)
  object space 271360K, 16% used [0x00000000a0000000,0x00000000a2c20138,0x00000000b0900000)
 Metaspace       used 57024K, capacity 58904K, committed 59008K, reserved 1099776K
  class space    used 7754K, capacity 8256K, committed 8320K, reserved 1048576K
}
Event: 22.871 GC heap before
{Heap before GC invocations=14 (full 3):
 PSYoungGen      total 254976K, used 232448K [0x00000000e0000000, 0x00000000f1600000, 0x0000000100000000)
  eden space 232448K, 100% used [0x00000000e0000000,0x00000000ee300000,0x00000000ee300000)
  from space 22528K, 0% used [0x00000000f0000000,0x00000000f0000000,0x00000000f1600000)
  to   space 26112K, 0% used [0x00000000ee300000,0x00000000ee300000,0x00000000efc80000)
 ParOldGen       total 271360K, used 45184K [0x00000000a0000000, 0x00000000b0900000, 0x00000000e0000000)
  object space 271360K, 16% used [0x00000000a0000000,0x00000000a2c20138,0x00000000b0900000)
 Metaspace       used 61464K, capacity 63428K, committed 63488K, reserved 1103872K
  class space    used 8159K, capacity 8680K, committed 8704K, reserved 1048576K
Event: 22.989 GC heap after
Heap after GC invocations=14 (full 3):
 PSYoungGen      total 258560K, used 26108K [0x00000000e0000000, 0x00000000f7d80000, 0x0000000100000000)
  eden space 232448K, 0% used [0x00000000e0000000,0x00000000e0000000,0x00000000ee300000)
  from space 26112K, 99% used [0x00000000ee300000,0x00000000efc7f398,0x00000000efc80000)
  to   space 46080K, 0% used [0x00000000f5080000,0x00000000f5080000,0x00000000f7d80000)
 ParOldGen       total 271360K, used 89200K [0x00000000a0000000, 0x00000000b0900000, 0x00000000e0000000)
  object space 271360K, 32% used [0x00000000a0000000,0x00000000a571c138,0x00000000b0900000)
 Metaspace       used 61464K, capacity 63428K, committed 63488K, reserved 1103872K
  class space    used 8159K, capacity 8680K, committed 8704K, reserved 1048576K
}

